<?xml version="1.0" encoding="UTF-8"?>
<testsuite xmlns:xsi="http://www.w3.org/2001/XMLSchema-instance" xsi:noNamespaceSchemaLocation="https://maven.apache.org/surefire/maven-surefire-plugin/xsd/surefire-test-report.xsd" name="TestSuite" time="1,256.109" tests="21" errors="0" skipped="0" failures="3">
  <properties>
[...]
</properties>
  <testcase name="test01teacherRegister" classname="app.tests.teacher.RegisterTests" time="35.283"/>
  <testcase name="test02teacherRegister" classname="app.tests.teacher.RegisterTests" time="29.372"/>
  <testcase name="test03teacherRegister" classname="app.tests.teacher.RegisterTests" time="24.195"/>
  <testcase name="test04teacherRegister" classname="app.tests.teacher.RegisterTests" time="22.371"/>
  <testcase name="test05teacherRegister" classname="app.tests.teacher.RegisterTests" time="16.914"/>
  <testcase name="test06teacherRegister" classname="app.tests.teacher.RegisterTests" time="25.515"/>
  <testcase name="test07teacherRegister" classname="app.tests.teacher.RegisterTests" time="25.183"/>
  <testcase name="test08teacherRegister" classname="app.tests.teacher.RegisterTests" time="16.936"/>
  <testcase name="test09teacherRegister" classname="app.tests.teacher.RegisterTests" time="21.334"/>
  <testcase name="test10teacherRegister" classname="app.tests.teacher.RegisterTests" time="31.933">
    <failure message="Element not found {By.xpath: .//div[@class=&apos;bt-content&apos;]}&#10;Expected: exist&#10;Screenshot: file:/C:/Users/yuriy/IdeaProjects/MobyMaxApplication/build/reports/tests/1614514337242.0.png&#10;Timeout: 10 s.&#10;Caused by: NoSuchElementException: no such element: Unable to locate element: {&quot;method&quot;:&quot;xpath&quot;,&quot;selector&quot;:&quot;.//div[@class=&apos;bt-content&apos;]&quot;}" type="com.codeborne.selenide.ex.ElementNotFound">com.codeborne.selenide.ex.ElementNotFound: 
Element not found {By.xpath: .//div[@class='bt-content']}
Expected: exist
Screenshot: file:/C:/Users/yuriy/IdeaProjects/MobyMaxApplication/build/reports/tests/1614514337242.0.png
Timeout: 10 s.
Caused by: NoSuchElementException: no such element: Unable to locate element: {"method":"xpath","selector":".//div[@class='bt-content']"}
	at app.tests.teacher.RegisterTests.test10teacherRegister(RegisterTests.java:169)
Caused by: org.openqa.selenium.NoSuchElementException: 
no such element: Unable to locate element: {"method":"xpath","selector":".//div[@class='bt-content']"}
  (Session info: MicrosoftEdge=88.0.705.81)
For documentation on this error, please visit: https://www.seleniumhq.org/exceptions/no_such_element.html
Build info: version: '3.141.59', revision: 'e82be7d358', time: '2018-11-14T08:17:03'
System info: host: 'DESKTOP-VMP5GT0', ip: '192.168.1.53', os.name: 'Windows 10', os.arch: 'amd64', os.version: '10.0', java.version: '1.8.0_221'
Driver info: org.openqa.selenium.edge.EdgeDriver
Capabilities {acceptInsecureCerts: true, browserName: msedge, browserVersion: 88.0.705.81, javascriptEnabled: true, ms:edgeOptions: {debuggerAddress: localhost:49511}, msedge: {msedgedriverVersion: 88.0.705.81 (324d415ccf2f0d..., userDataDir: C:\Users\yuriy\AppData\Loca...}, networkConnectionEnabled: false, pageLoadStrategy: normal, platform: WINDOWS, platformName: WINDOWS, proxy: Proxy(), setWindowRect: true, strictFileInteractability: false, timeouts: {implicit: 0, pageLoad: 300000, script: 30000}, unhandledPromptBehavior: dismiss and notify, webauthn:extension:largeBlob: true, webauthn:virtualAuthenticators: true}
Session ID: cffa6f10a4a5f8fbd39534f9977e383a
*** Element info: {Using=xpath, value=.//div[@class='bt-content']}
	at app.tests.teacher.RegisterTests.test10teacherRegister(RegisterTests.java:169)
</failure>
    <system-out><![CDATA[[INFO ] 2021-02-28 14:11:54.610 [main] BaseTestGui:43-
********************************************************************************************************
Auto-test : `test09teacherRegister`, Duration:`21` sec; Test Status:`PASSED` (path:`app.tests.teacher.RegisterTests`).
********************************************************************************************************.
[INFO ] 2021-02-28 14:11:54.611 [main] BaseTestGui:42-Auto-Test_Result: PASSED!!!!!! 
[INFO ] 2021-02-28 14:11:54.611 [main] BaseTestGui:42-afterTest  method completed: 
[INFO ] 2021-02-28 14:11:54.613 [main] BaseTestGui:42-Started test:`test10teacherRegister`.
[INFO ] 2021-02-28 14:11:54.615 [main] BaseTestGui:42-preTest 
[INFO ] 2021-02-28 14:11:54.631 [main] BaseTestGui:48-`STARTED AUTO-TEST.`-page screenshot attached to report.
[INFO ] 2021-02-28 14:11:56.909 [main] BaseTestGui:42-STARTED AUTO-TEST.
[INFO ] 2021-02-28 14:11:56.975 [main] BaseTestGui:48-`Set First Name to auto-teacher_FirstName_504429809`-page screenshot attached to report.
[INFO ] 2021-02-28 14:11:57.834 [main] BaseTestGui:42-Set First Name to auto-teacher_FirstName_504429809
[INFO ] 2021-02-28 14:11:57.877 [main] BaseTestGui:48-`Set Last Name to auto-teacher_LastName_504429809`-page screenshot attached to report.
[INFO ] 2021-02-28 14:11:58.748 [main] BaseTestGui:42-Set Last Name to auto-teacher_LastName_504429809
[INFO ] 2021-02-28 14:12:00.053 [main] BaseTestGui:48-`selectSchool `-page screenshot attached to report.
[INFO ] 2021-02-28 14:12:04.646 [main] BaseTestGui:42-selectSchool 
[INFO ] 2021-02-28 14:12:04.685 [main] BaseTestGui:48-`Set Email Address to 504429809@504429809.504429809`-page screenshot attached to report.
[INFO ] 2021-02-28 14:12:05.555 [main] BaseTestGui:42-Set Email Address to 504429809@504429809.504429809
[INFO ] 2021-02-28 14:12:05.603 [main] BaseTestGui:48-`Set Create a Password to 504429809`-page screenshot attached to report.
[INFO ] 2021-02-28 14:12:06.476 [main] BaseTestGui:42-Set Create a Password to 504429809
[INFO ] 2021-02-28 14:12:06.561 [main] BaseTestGui:48-`register `-page screenshot attached to report.
[INFO ] 2021-02-28 14:12:07.075 [main] BaseTestGui:42-register 
]]></system-out>
    <system-err><![CDATA[Feb 28, 2021 2:11:54 PM io.qameta.allure.util.NamingUtils processPattern
SEVERE: Could not find parameter 1
]]></system-err>
  </testcase>
  <testcase name="test11teacherRegister" classname="app.tests.teacher.RegisterTests" time="32.238">
    <failure message="Element not found {By.xpath: .//div[@class=&apos;bt-content&apos;]}&#10;Expected: exist&#10;Screenshot: file:/C:/Users/yuriy/IdeaProjects/MobyMaxApplication/build/reports/tests/1614514376035.1.png&#10;Timeout: 10 s.&#10;Caused by: NoSuchElementException: no such element: Unable to locate element: {&quot;method&quot;:&quot;xpath&quot;,&quot;selector&quot;:&quot;.//div[@class=&apos;bt-content&apos;]&quot;}" type="com.codeborne.selenide.ex.ElementNotFound">com.codeborne.selenide.ex.ElementNotFound: 
Element not found {By.xpath: .//div[@class='bt-content']}
Expected: exist
Screenshot: file:/C:/Users/yuriy/IdeaProjects/MobyMaxApplication/build/reports/tests/1614514376035.1.png
Timeout: 10 s.
Caused by: NoSuchElementException: no such element: Unable to locate element: {"method":"xpath","selector":".//div[@class='bt-content']"}
	at app.tests.teacher.RegisterTests.test11teacherRegister(RegisterTests.java:183)
Caused by: org.openqa.selenium.NoSuchElementException: 
no such element: Unable to locate element: {"method":"xpath","selector":".//div[@class='bt-content']"}
  (Session info: MicrosoftEdge=88.0.705.81)
For documentation on this error, please visit: https://www.seleniumhq.org/exceptions/no_such_element.html
Build info: version: '3.141.59', revision: 'e82be7d358', time: '2018-11-14T08:17:03'
System info: host: 'DESKTOP-VMP5GT0', ip: '192.168.1.53', os.name: 'Windows 10', os.arch: 'amd64', os.version: '10.0', java.version: '1.8.0_221'
Driver info: org.openqa.selenium.edge.EdgeDriver
Capabilities {acceptInsecureCerts: true, browserName: msedge, browserVersion: 88.0.705.81, javascriptEnabled: true, ms:edgeOptions: {debuggerAddress: localhost:49511}, msedge: {msedgedriverVersion: 88.0.705.81 (324d415ccf2f0d..., userDataDir: C:\Users\yuriy\AppData\Loca...}, networkConnectionEnabled: false, pageLoadStrategy: normal, platform: WINDOWS, platformName: WINDOWS, proxy: Proxy(), setWindowRect: true, strictFileInteractability: false, timeouts: {implicit: 0, pageLoad: 300000, script: 30000}, unhandledPromptBehavior: dismiss and notify, webauthn:extension:largeBlob: true, webauthn:virtualAuthenticators: true}
Session ID: cffa6f10a4a5f8fbd39534f9977e383a
*** Element info: {Using=xpath, value=.//div[@class='bt-content']}
	at app.tests.teacher.RegisterTests.test11teacherRegister(RegisterTests.java:183)
</failure>
    <system-out><![CDATA[[INFO ] 2021-02-28 14:12:26.586 [main] BaseTestGui:43-
********************************************************************************************************
Auto-test : `test10teacherRegister`, Duration:`31` sec; Test Status:`FAILED` (path:`app.tests.teacher.RegisterTests`).
********************************************************************************************************.
[INFO ] 2021-02-28 14:12:26.586 [main] BaseTestGui:46-
Auto-Test_Result: FAILED??????? 
[INFO ] 2021-02-28 14:12:26.586 [main] BaseTestGui:48-`APP page state after failed test.`-page screenshot attached to report.
[INFO ] 2021-02-28 14:12:31.220 [main] BaseTestGui:42-APP page state after failed test.
[INFO ] 2021-02-28 14:12:33.129 [main] BaseTestGui:42-afterTest  method completed: 
[INFO ] 2021-02-28 14:12:33.131 [main] BaseTestGui:42-Started test:`test11teacherRegister`.
[INFO ] 2021-02-28 14:12:33.133 [main] BaseTestGui:42-preTest 
[INFO ] 2021-02-28 14:12:33.149 [main] BaseTestGui:48-`STARTED AUTO-TEST.`-page screenshot attached to report.
[INFO ] 2021-02-28 14:12:35.547 [main] BaseTestGui:42-STARTED AUTO-TEST.
[INFO ] 2021-02-28 14:12:35.615 [main] BaseTestGui:48-`Set First Name to       `-page screenshot attached to report.
[INFO ] 2021-02-28 14:12:36.527 [main] BaseTestGui:42-Set First Name to       
[INFO ] 2021-02-28 14:12:36.591 [main] BaseTestGui:48-`Set Last Name to auto-teacher_LastName_344080337`-page screenshot attached to report.
[INFO ] 2021-02-28 14:12:37.512 [main] BaseTestGui:42-Set Last Name to auto-teacher_LastName_344080337
[INFO ] 2021-02-28 14:12:38.658 [main] BaseTestGui:48-`selectSchool `-page screenshot attached to report.
[INFO ] 2021-02-28 14:12:43.261 [main] BaseTestGui:42-selectSchool 
[INFO ] 2021-02-28 14:12:43.317 [main] BaseTestGui:48-`Set Email Address to email_344080337@wtfqa.us`-page screenshot attached to report.
[INFO ] 2021-02-28 14:12:44.234 [main] BaseTestGui:42-Set Email Address to email_344080337@wtfqa.us
[INFO ] 2021-02-28 14:12:44.294 [main] BaseTestGui:48-`Set Create a Password to 344080337`-page screenshot attached to report.
[INFO ] 2021-02-28 14:12:45.253 [main] BaseTestGui:42-Set Create a Password to 344080337
[INFO ] 2021-02-28 14:12:45.367 [main] BaseTestGui:48-`register `-page screenshot attached to report.
[INFO ] 2021-02-28 14:12:45.969 [main] BaseTestGui:42-register 
]]></system-out>
    <system-err><![CDATA[Feb 28, 2021 2:12:26 PM io.qameta.allure.util.NamingUtils processPattern
SEVERE: Could not find parameter 1
]]></system-err>
  </testcase>
  <testcase name="test12teacherRegister" classname="app.tests.teacher.RegisterTests" time="32.314">
    <failure message="Element not found {By.xpath: .//div[@class=&apos;bt-content&apos;]}&#10;Expected: exist&#10;Screenshot: file:/C:/Users/yuriy/IdeaProjects/MobyMaxApplication/build/reports/tests/1614514415303.2.png&#10;Timeout: 10 s.&#10;Caused by: NoSuchElementException: no such element: Unable to locate element: {&quot;method&quot;:&quot;xpath&quot;,&quot;selector&quot;:&quot;.//div[@class=&apos;bt-content&apos;]&quot;}" type="com.codeborne.selenide.ex.ElementNotFound">com.codeborne.selenide.ex.ElementNotFound: 
Element not found {By.xpath: .//div[@class='bt-content']}
Expected: exist
Screenshot: file:/C:/Users/yuriy/IdeaProjects/MobyMaxApplication/build/reports/tests/1614514415303.2.png
Timeout: 10 s.
Caused by: NoSuchElementException: no such element: Unable to locate element: {"method":"xpath","selector":".//div[@class='bt-content']"}
	at app.tests.teacher.RegisterTests.test12teacherRegister(RegisterTests.java:196)
Caused by: org.openqa.selenium.NoSuchElementException: 
no such element: Unable to locate element: {"method":"xpath","selector":".//div[@class='bt-content']"}
  (Session info: MicrosoftEdge=88.0.705.81)
For documentation on this error, please visit: https://www.seleniumhq.org/exceptions/no_such_element.html
Build info: version: '3.141.59', revision: 'e82be7d358', time: '2018-11-14T08:17:03'
System info: host: 'DESKTOP-VMP5GT0', ip: '192.168.1.53', os.name: 'Windows 10', os.arch: 'amd64', os.version: '10.0', java.version: '1.8.0_221'
Driver info: org.openqa.selenium.edge.EdgeDriver
Capabilities {acceptInsecureCerts: true, browserName: msedge, browserVersion: 88.0.705.81, javascriptEnabled: true, ms:edgeOptions: {debuggerAddress: localhost:49511}, msedge: {msedgedriverVersion: 88.0.705.81 (324d415ccf2f0d..., userDataDir: C:\Users\yuriy\AppData\Loca...}, networkConnectionEnabled: false, pageLoadStrategy: normal, platform: WINDOWS, platformName: WINDOWS, proxy: Proxy(), setWindowRect: true, strictFileInteractability: false, timeouts: {implicit: 0, pageLoad: 300000, script: 30000}, unhandledPromptBehavior: dismiss and notify, webauthn:extension:largeBlob: true, webauthn:virtualAuthenticators: true}
Session ID: cffa6f10a4a5f8fbd39534f9977e383a
*** Element info: {Using=xpath, value=.//div[@class='bt-content']}
	at app.tests.teacher.RegisterTests.test12teacherRegister(RegisterTests.java:196)
</failure>
    <system-out><![CDATA[[INFO ] 2021-02-28 14:13:05.385 [main] BaseTestGui:43-
********************************************************************************************************
Auto-test : `test11teacherRegister`, Duration:`32` sec; Test Status:`FAILED` (path:`app.tests.teacher.RegisterTests`).
********************************************************************************************************.
[INFO ] 2021-02-28 14:13:05.386 [main] BaseTestGui:46-
Auto-Test_Result: FAILED??????? 
[INFO ] 2021-02-28 14:13:05.386 [main] BaseTestGui:48-`APP page state after failed test.`-page screenshot attached to report.
[INFO ] 2021-02-28 14:13:10.045 [main] BaseTestGui:42-APP page state after failed test.
[INFO ] 2021-02-28 14:13:11.741 [main] BaseTestGui:42-afterTest  method completed: 
[INFO ] 2021-02-28 14:13:11.745 [main] BaseTestGui:42-Started test:`test12teacherRegister`.
[INFO ] 2021-02-28 14:13:12.330 [main] BaseTestGui:42-preTest 
[INFO ] 2021-02-28 14:13:12.345 [main] BaseTestGui:48-`STARTED AUTO-TEST.`-page screenshot attached to report.
[INFO ] 2021-02-28 14:13:14.604 [main] BaseTestGui:42-STARTED AUTO-TEST.
[INFO ] 2021-02-28 14:13:14.673 [main] BaseTestGui:48-`Set First Name to auto-teacher_FirstName_413599645`-page screenshot attached to report.
[INFO ] 2021-02-28 14:13:15.558 [main] BaseTestGui:42-Set First Name to auto-teacher_FirstName_413599645
[INFO ] 2021-02-28 14:13:15.626 [main] BaseTestGui:48-`Set Last Name to        `-page screenshot attached to report.
[INFO ] 2021-02-28 14:13:16.509 [main] BaseTestGui:42-Set Last Name to        
[INFO ] 2021-02-28 14:13:18.065 [main] BaseTestGui:48-`selectSchool `-page screenshot attached to report.
[INFO ] 2021-02-28 14:13:22.675 [main] BaseTestGui:42-selectSchool 
[INFO ] 2021-02-28 14:13:22.718 [main] BaseTestGui:48-`Set Email Address to email_413599645@wtfqa.us`-page screenshot attached to report.
[INFO ] 2021-02-28 14:13:23.604 [main] BaseTestGui:42-Set Email Address to email_413599645@wtfqa.us
[INFO ] 2021-02-28 14:13:23.654 [main] BaseTestGui:48-`Set Create a Password to 413599645`-page screenshot attached to report.
[INFO ] 2021-02-28 14:13:24.578 [main] BaseTestGui:42-Set Create a Password to 413599645
[INFO ] 2021-02-28 14:13:24.662 [main] BaseTestGui:48-`register `-page screenshot attached to report.
[INFO ] 2021-02-28 14:13:25.200 [main] BaseTestGui:42-register 
]]></system-out>
    <system-err><![CDATA[Feb 28, 2021 2:13:05 PM io.qameta.allure.util.NamingUtils processPattern
SEVERE: Could not find parameter 1
]]></system-err>
  </testcase>
  <testcase name="test13teacherRegister" classname="app.tests.teacher.RegisterTests" time="17.122"/>
  <testcase name="test01teacherLogin" classname="app.tests.teacher.LoginTests" time="21.901"/>
  <testcase name="test02teacherLogin" classname="app.tests.teacher.LoginTests" time="11.465"/>
  <testcase name="test03teacherLogin" classname="app.tests.teacher.LoginTests" time="11.905"/>
  <testcase name="test04teacherLogin" classname="app.tests.teacher.LoginTests" time="12.198"/>
  <testcase name="test05teacherLogin" classname="app.tests.teacher.LoginTests" time="11.543"/>
  <testcase name="test06teacherLogin" classname="app.tests.teacher.LoginTests" time="11.388"/>
  <testcase name="test01registerStudent" classname="app.tests.teacher.StudentRegisterTests" time="99.108"/>
  <testcase name="test02registerStudentGroup" classname="app.tests.teacher.StudentRegisterTests" time="686.702"/>
</testsuite>